[0m15:32:59.572621 [debug] [MainThread]: Sending event: {'category': 'dbt', 'action': 'invocation', 'label': 'start', 'context': [<snowplow_tracker.self_describing_json.SelfDescribingJson object at 0x000001C54D05D340>, <snowplow_tracker.self_describing_json.SelfDescribingJson object at 0x000001C54C9BA7E0>, <snowplow_tracker.self_describing_json.SelfDescribingJson object at 0x000001C54CD2C440>]}


============================== 15:32:59.578630 | 01ac1e79-9b5d-4438-b91e-879317af3ab4 ==============================
[0m15:32:59.578630 [info ] [MainThread]: Running with dbt=1.10.1
[0m15:32:59.579631 [debug] [MainThread]: running dbt with arguments {'printer_width': '80', 'indirect_selection': 'eager', 'log_cache_events': 'False', 'write_json': 'True', 'partial_parse': 'True', 'cache_selected_only': 'False', 'warn_error': 'None', 'fail_fast': 'False', 'version_check': 'True', 'log_path': 'logs', 'profiles_dir': 'C:\\Users\\Willian\\.dbt', 'debug': 'False', 'use_colors': 'True', 'use_experimental_parser': 'False', 'no_print': 'None', 'quiet': 'False', 'empty': 'None', 'warn_error_options': 'WarnErrorOptionsV2(error=[], warn=[], silence=[])', 'introspect': 'True', 'invocation_command': 'dbt init dbtlearn', 'static_parser': 'True', 'target_path': 'None', 'log_format': 'default', 'send_anonymous_usage_stats': 'True'}
[0m15:32:59.616395 [info ] [MainThread]: Creating dbt configuration folder at C:\Users\Willian\.dbt
[0m15:32:59.624931 [debug] [MainThread]: Starter project path: C:\Users\Willian\Desktop\The Complete dbt Bootcamp\dbt-bootcamp-practice\venv\Lib\site-packages\dbt\include\starter_project
[0m15:32:59.648928 [info ] [MainThread]: 
Your new dbt project "dbtlearn" was created!

For more information on how to configure the profiles.yml file,
please consult the dbt documentation here:

  https://docs.getdbt.com/docs/configure-your-profile

One more thing:

Need help? Don't hesitate to reach out to us via GitHub issues or on Slack:

  https://community.getdbt.com/

Happy modeling!

[0m15:32:59.649930 [info ] [MainThread]: Setting up your profile.
[0m15:35:59.707820 [info ] [MainThread]: Profile dbtlearn written to C:\Users\Willian\.dbt\profiles.yml using target's profile_template.yml and your supplied values. Run 'dbt debug' to validate the connection.
[0m15:35:59.709815 [debug] [MainThread]: Command `dbt init` succeeded at 15:35:59.709815 after 180.39 seconds
[0m15:35:59.710815 [debug] [MainThread]: Sending event: {'category': 'dbt', 'action': 'invocation', 'label': 'end', 'context': [<snowplow_tracker.self_describing_json.SelfDescribingJson object at 0x000001C54A1BBA40>, <snowplow_tracker.self_describing_json.SelfDescribingJson object at 0x000001C54F0AD7F0>, <snowplow_tracker.self_describing_json.SelfDescribingJson object at 0x000001C54E4D52E0>]}
[0m15:35:59.710815 [debug] [MainThread]: Flushing usage events
[0m15:36:00.550071 [debug] [MainThread]: An error was encountered while trying to flush usage events
[0m13:23:16.664692 [debug] [MainThread]: Sending event: {'category': 'dbt', 'action': 'invocation', 'label': 'start', 'context': [<snowplow_tracker.self_describing_json.SelfDescribingJson object at 0x000002626A248350>, <snowplow_tracker.self_describing_json.SelfDescribingJson object at 0x000002626963A960>, <snowplow_tracker.self_describing_json.SelfDescribingJson object at 0x000002626A248320>]}


============================== 13:23:16.685807 | a2f7ee8f-18bd-4c4f-a864-f118e5a7bf49 ==============================
[0m13:23:16.685807 [info ] [MainThread]: Running with dbt=1.10.1
[0m13:23:16.686498 [debug] [MainThread]: running dbt with arguments {'printer_width': '80', 'indirect_selection': 'eager', 'log_cache_events': 'False', 'write_json': 'True', 'partial_parse': 'True', 'cache_selected_only': 'False', 'profiles_dir': 'C:\\Users\\Willian\\.dbt', 'fail_fast': 'False', 'version_check': 'True', 'log_path': 'logs', 'debug': 'False', 'warn_error': 'None', 'use_colors': 'True', 'use_experimental_parser': 'False', 'no_print': 'None', 'quiet': 'False', 'empty': 'None', 'warn_error_options': 'WarnErrorOptionsV2(error=[], warn=[], silence=[])', 'invocation_command': 'dbt seed', 'log_format': 'default', 'static_parser': 'True', 'target_path': 'None', 'introspect': 'True', 'send_anonymous_usage_stats': 'True'}
[0m13:23:16.686498 [error] [MainThread]: Encountered an error:
Runtime Error
  No dbt_project.yml found at expected path C:\Users\Willian\Desktop\The Complete dbt Bootcamp\dbt-bootcamp-practice\dbt_project.yml
  Verify that each entry within packages.yml (and their transitive dependencies) contains a file named dbt_project.yml
  
[0m13:23:16.689048 [debug] [MainThread]: Command `dbt seed` failed at 13:23:16.688040 after 0.27 seconds
[0m13:23:16.689048 [debug] [MainThread]: Sending event: {'category': 'dbt', 'action': 'invocation', 'label': 'end', 'context': [<snowplow_tracker.self_describing_json.SelfDescribingJson object at 0x0000026269EE9340>, <snowplow_tracker.self_describing_json.SelfDescribingJson object at 0x00000262642F9580>, <snowplow_tracker.self_describing_json.SelfDescribingJson object at 0x0000026269B5FF80>]}
[0m13:23:16.690083 [debug] [MainThread]: Flushing usage events
[0m13:23:17.522833 [debug] [MainThread]: An error was encountered while trying to flush usage events
[0m16:54:33.725496 [debug] [MainThread]: Sending event: {'category': 'dbt', 'action': 'invocation', 'label': 'start', 'context': [<snowplow_tracker.self_describing_json.SelfDescribingJson object at 0x0000019B32F156D0>, <snowplow_tracker.self_describing_json.SelfDescribingJson object at 0x0000019B364A1160>, <snowplow_tracker.self_describing_json.SelfDescribingJson object at 0x0000019B35D5A360>]}


============================== 16:54:33.731008 | 753b6615-6aba-4934-92d0-00140614de16 ==============================
[0m16:54:33.731008 [info ] [MainThread]: Running with dbt=1.10.1
[0m16:54:33.732008 [debug] [MainThread]: running dbt with arguments {'printer_width': '80', 'indirect_selection': 'eager', 'write_json': 'True', 'log_cache_events': 'False', 'partial_parse': 'True', 'cache_selected_only': 'False', 'profiles_dir': 'C:\\Users\\Willian\\.dbt', 'fail_fast': 'False', 'version_check': 'True', 'log_path': 'logs', 'debug': 'False', 'warn_error': 'None', 'use_colors': 'True', 'use_experimental_parser': 'False', 'no_print': 'None', 'quiet': 'False', 'empty': 'None', 'log_format': 'default', 'static_parser': 'True', 'introspect': 'True', 'invocation_command': 'dbt deps', 'target_path': 'None', 'warn_error_options': 'WarnErrorOptionsV2(error=[], warn=[], silence=[])', 'send_anonymous_usage_stats': 'True'}
[0m16:54:33.733210 [error] [MainThread]: Encountered an error:
Runtime Error
  No dbt_project.yml found at expected path C:\Users\Willian\Desktop\The Complete dbt Bootcamp\dbt-bootcamp-practice\dbt_project.yml
  Verify that each entry within packages.yml (and their transitive dependencies) contains a file named dbt_project.yml
  
[0m16:54:33.734192 [debug] [MainThread]: Command `dbt deps` failed at 16:54:33.734192 after 0.45 seconds
[0m16:54:33.735190 [debug] [MainThread]: Sending event: {'category': 'dbt', 'action': 'invocation', 'label': 'end', 'context': [<snowplow_tracker.self_describing_json.SelfDescribingJson object at 0x0000019B32F156D0>, <snowplow_tracker.self_describing_json.SelfDescribingJson object at 0x0000019B35E754C0>, <snowplow_tracker.self_describing_json.SelfDescribingJson object at 0x0000019B366A2CC0>]}
[0m16:54:33.735190 [debug] [MainThread]: Flushing usage events
[0m16:54:34.631123 [debug] [MainThread]: An error was encountered while trying to flush usage events
